# JRE version: OpenJDK Runtime Environment (11.0.11+9) (build 11.0.11+9-b60-7590822)
# Java VM: OpenJDK 64-Bit Server VM (11.0.11+9-b60-7590822, mixed mode, tiered, compressed oops, g1 gc, windows-amd64)
Heap:
 garbage-first heap   total 265216K, used 166461K [0x0000000080000000, 0x0000000100000000)
  region size 1024K, 10 young (10240K), 2 survivors (2048K)
 Metaspace       used 144852K, capacity 150444K, committed 151148K, reserved 1179648K
  class space    used 17827K, capacity 19803K, committed 20076K, reserved 1048576K
GC Heap History (20 events):
Event: 3697.630 GC heap before
{Heap before GC invocations=161 (full 0):
 garbage-first heap   total 265216K, used 212371K [0x0000000080000000, 0x0000000100000000)
  region size 1024K, 86 young (88064K), 2 survivors (2048K)
 Metaspace       used 144583K, capacity 150180K, committed 150892K, reserved 1179648K
  class space    used 17826K, capacity 19803K, committed 20076K, reserved 1048576K
}
Event: 3697.635 GC heap after
{Heap after GC invocations=162 (full 0):
 garbage-first heap   total 265216K, used 129339K [0x0000000080000000, 0x0000000100000000)
  region size 1024K, 4 young (4096K), 4 survivors (4096K)
 Metaspace       used 144583K, capacity 150180K, committed 150892K, reserved 1179648K
  class space    used 17826K, capacity 19803K, committed 20076K, reserved 1048576K
}
Event: 3715.277 GC heap before
{Heap before GC invocations=163 (full 0):
 garbage-first heap   total 265216K, used 247099K [0x0000000080000000, 0x0000000100000000)
  region size 1024K, 89 young (91136K), 4 survivors (4096K)
 Metaspace       used 144638K, capacity 150180K, committed 150892K, reserved 1179648K
  class space    used 17826K, capacity 19803K, committed 20076K, reserved 1048576K
}
Event: 3715.284 GC heap after
{Heap after GC invocations=164 (full 0):
 garbage-first heap   total 265216K, used 133437K [0x0000000080000000, 0x0000000100000000)
  region size 1024K, 11 young (11264K), 11 survivors (11264K)
 Metaspace       used 144638K, capacity 150180K, committed 150892K, reserved 1179648K
  class space    used 17826K, capacity 19803K, committed 20076K, reserved 1048576K
}
Event: 3715.309 GC heap before
{Heap before GC invocations=164 (full 0):
 garbage-first heap   total 265216K, used 134461K [0x0000000080000000, 0x0000000100000000)
  region size 1024K, 12 young (12288K), 11 survivors (11264K)
 Metaspace       used 144638K, capacity 150180K, committed 150892K, reserved 1179648K
  class space    used 17826K, capacity 19803K, committed 20076K, reserved 1048576K
}
Event: 3715.316 GC heap after
{Heap after GC invocations=165 (full 0):
 garbage-first heap   total 265216K, used 123647K [0x0000000080000000, 0x0000000100000000)
  region size 1024K, 1 young (1024K), 1 survivors (1024K)
 Metaspace       used 144638K, capacity 150180K, committed 150892K, reserved 1179648K
  class space    used 17826K, capacity 19803K, committed 20076K, reserved 1048576K
}
Event: 3717.113 GC heap before
{Heap before GC invocations=165 (full 0):
 garbage-first heap   total 265216K, used 190207K [0x0000000080000000, 0x0000000100000000)
  region size 1024K, 68 young (69632K), 1 survivors (1024K)
 Metaspace       used 144654K, capacity 150244K, committed 151148K, reserved 1179648K
  class space    used 17826K, capacity 19803K, committed 20076K, reserved 1048576K
}
Event: 3717.120 GC heap after
{Heap after GC invocations=166 (full 0):
 garbage-first heap   total 265216K, used 124596K [0x0000000080000000, 0x0000000100000000)
  region size 1024K, 2 young (2048K), 2 survivors (2048K)
 Metaspace       used 144654K, capacity 150244K, committed 151148K, reserved 1179648K
  class space    used 17826K, capacity 19803K, committed 20076K, reserved 1048576K
}
Event: 3885.691 GC heap before
{Heap before GC invocations=167 (full 0):
 garbage-first heap   total 265216K, used 251572K [0x0000000080000000, 0x0000000100000000)
  region size 1024K, 94 young (96256K), 2 survivors (2048K)
 Metaspace       used 144687K, capacity 150310K, committed 151148K, reserved 1179648K
  class space    used 17827K, capacity 19803K, committed 20076K, reserved 1048576K
}
Event: 3885.697 GC heap after
{Heap after GC invocations=168 (full 0):
 garbage-first heap   total 265216K, used 130715K [0x0000000080000000, 0x0000000100000000)
  region size 1024K, 9 young (9216K), 9 survivors (9216K)
 Metaspace       used 144687K, capacity 150310K, committed 151148K, reserved 1179648K
  class space    used 17827K, capacity 19803K, committed 20076K, reserved 1048576K
}
Event: 3885.700 GC heap before
{Heap before GC invocations=168 (full 0):
 garbage-first heap   total 265216K, used 133787K [0x0000000080000000, 0x0000000100000000)
  region size 1024K, 12 young (12288K), 9 survivors (9216K)
 Metaspace       used 144687K, capacity 150310K, committed 151148K, reserved 1179648K
  class space    used 17827K, capacity 19803K, committed 20076K, reserved 1048576K
}
Event: 3885.709 GC heap after
{Heap after GC invocations=169 (full 0):
 garbage-first heap   total 265216K, used 124848K [0x0000000080000000, 0x0000000100000000)
  region size 1024K, 2 young (2048K), 2 survivors (2048K)
 Metaspace       used 144687K, capacity 150310K, committed 151148K, reserved 1179648K
  class space    used 17827K, capacity 19803K, committed 20076K, reserved 1048576K
}
Event: 3887.395 GC heap before
{Heap before GC invocations=169 (full 0):
 garbage-first heap   total 265216K, used 183216K [0x0000000080000000, 0x0000000100000000)
  region size 1024K, 61 young (62464K), 2 survivors (2048K)
 Metaspace       used 144711K, capacity 150374K, committed 151148K, reserved 1179648K
  class space    used 17827K, capacity 19803K, committed 20076K, reserved 1048576K
}
Event: 3887.401 GC heap after
{Heap after GC invocations=170 (full 0):
 garbage-first heap   total 265216K, used 125178K [0x0000000080000000, 0x0000000100000000)
  region size 1024K, 2 young (2048K), 2 survivors (2048K)
 Metaspace       used 144711K, capacity 150374K, committed 151148K, reserved 1179648K
  class space    used 17827K, capacity 19803K, committed 20076K, reserved 1048576K
}
Event: 4383.755 GC heap before
{Heap before GC invocations=171 (full 0):
 garbage-first heap   total 265216K, used 254202K [0x0000000080000000, 0x0000000100000000)
  region size 1024K, 95 young (97280K), 2 survivors (2048K)
 Metaspace       used 144806K, capacity 150438K, committed 151148K, reserved 1179648K
  class space    used 17827K, capacity 19803K, committed 20076K, reserved 1048576K
}
Event: 4383.762 GC heap after
{Heap after GC invocations=172 (full 0):
 garbage-first heap   total 265216K, used 131936K [0x0000000080000000, 0x0000000100000000)
  region size 1024K, 9 young (9216K), 9 survivors (9216K)
 Metaspace       used 144806K, capacity 150438K, committed 151148K, reserved 1179648K
  class space    used 17827K, capacity 19803K, committed 20076K, reserved 1048576K
}
Event: 4383.810 GC heap before
{Heap before GC invocations=172 (full 0):
 garbage-first heap   total 265216K, used 133984K [0x0000000080000000, 0x0000000100000000)
  region size 1024K, 12 young (12288K), 9 survivors (9216K)
 Metaspace       used 144807K, capacity 150438K, committed 151148K, reserved 1179648K
  class space    used 17827K, capacity 19803K, committed 20076K, reserved 1048576K
}
Event: 4383.817 GC heap after
{Heap after GC invocations=173 (full 0):
 garbage-first heap   total 265216K, used 123910K [0x0000000080000000, 0x0000000100000000)
  region size 1024K, 2 young (2048K), 2 survivors (2048K)
 Metaspace       used 144807K, capacity 150438K, committed 151148K, reserved 1179648K
  class space    used 17827K, capacity 19803K, committed 20076K, reserved 1048576K
}
Event: 4385.755 GC heap before
{Heap before GC invocations=173 (full 0):
 garbage-first heap   total 265216K, used 184326K [0x0000000080000000, 0x0000000100000000)
  region size 1024K, 63 young (64512K), 2 survivors (2048K)
 Metaspace       used 144846K, capacity 150444K, committed 151148K, reserved 1179648K
  class space    used 17827K, capacity 19803K, committed 20076K, reserved 1048576K
}
Event: 4385.762 GC heap after
{Heap after GC invocations=174 (full 0):
 garbage-first heap   total 265216K, used 124477K [0x0000000080000000, 0x0000000100000000)
  region size 1024K, 2 young (2048K), 2 survivors (2048K)
 Metaspace       used 144846K, capacity 150444K, committed 151148K, reserved 1179648K
  class space    used 17827K, capacity 19803K, committed 20076K, reserved 1048576K
}

